[debug] [2022-04-22T01:43:24.857Z] ----------------------------------------------------------------------
[debug] [2022-04-22T01:43:24.870Z] Command:       C:\Program Files\nodejs\node.exe C:\Users\TARTS\AppData\Roaming\npm\node_modules\firebase-tools\lib\bin\firebase.js deploy
[debug] [2022-04-22T01:43:24.873Z] CLI Version:   10.6.0
[debug] [2022-04-22T01:43:24.874Z] Platform:      win32
[debug] [2022-04-22T01:43:24.874Z] Node Version:  v16.13.2
[debug] [2022-04-22T01:43:24.932Z] Time:          Fri Apr 22 2022 09:43:24 GMT+0800 (Taipei Standard Time)
[debug] [2022-04-22T01:43:24.933Z] ----------------------------------------------------------------------
[debug] 
[debug] [2022-04-22T01:43:24.952Z] >>> [apiv2][query] GET https://firebase-public.firebaseio.com/cli.json [none]
[debug] [2022-04-22T01:43:25.149Z] > command requires scopes: ["email","openid","https://www.googleapis.com/auth/cloudplatformprojects.readonly","https://www.googleapis.com/auth/firebase","https://www.googleapis.com/auth/cloud-platform"]
[debug] [2022-04-22T01:43:25.150Z] > authorizing via signed-in user (acon.manage@gmail.com)
[debug] [2022-04-22T01:43:25.151Z] [iam] checking project tarts-3d6db for permissions ["firebase.projects.get","firebasehosting.sites.update"]
[debug] [2022-04-22T01:43:25.152Z] > refreshing access token with scopes: []
[debug] [2022-04-22T01:43:25.153Z] >>> HTTP REQUEST POST https://www.googleapis.com/oauth2/v3/token  
 <request body omitted>
[debug] [2022-04-22T01:43:25.302Z] <<< HTTP RESPONSE 200 {"date":"Fri, 22 Apr 2022 01:43:25 GMT","expires":"Mon, 01 Jan 1990 00:00:00 GMT","pragma":"no-cache","cache-control":"no-cache, no-store, max-age=0, must-revalidate","content-type":"application/json; charset=utf-8","vary":"X-Origin, Referer, Origin,Accept-Encoding","server":"scaffolding on HTTPServer2","x-xss-protection":"0","x-frame-options":"SAMEORIGIN","x-content-type-options":"nosniff","alt-svc":"h3=\":443\"; ma=2592000,h3-29=\":443\"; ma=2592000,h3-Q050=\":443\"; ma=2592000,h3-Q046=\":443\"; ma=2592000,h3-Q043=\":443\"; ma=2592000,quic=\":443\"; ma=2592000; v=\"46,43\"","accept-ranges":"none","transfer-encoding":"chunked"}
[debug] [2022-04-22T01:43:25.327Z] >>> [apiv2][query] POST https://cloudresourcemanager.googleapis.com/v1/projects/tarts-3d6db:testIamPermissions [none]
[debug] [2022-04-22T01:43:25.328Z] >>> [apiv2][body] POST https://cloudresourcemanager.googleapis.com/v1/projects/tarts-3d6db:testIamPermissions {"permissions":["firebase.projects.get","firebasehosting.sites.update"]}
[debug] [2022-04-22T01:43:25.741Z] <<< [apiv2][status] POST https://cloudresourcemanager.googleapis.com/v1/projects/tarts-3d6db:testIamPermissions 200
[debug] [2022-04-22T01:43:25.742Z] <<< [apiv2][body] POST https://cloudresourcemanager.googleapis.com/v1/projects/tarts-3d6db:testIamPermissions {}
[debug] [2022-04-22T01:43:25.745Z] [iam] error while checking permissions, command may fail: FirebaseError: Authorization failed. This account is missing the following required permissions on project tarts-3d6db:

  firebase.projects.get
  firebasehosting.sites.update
[debug] [2022-04-22T01:43:25.747Z] >>> [apiv2][query] GET https://firebase.googleapis.com/v1beta1/projects/tarts-3d6db [none]
[debug] [2022-04-22T01:43:25.767Z] <<< [apiv2][status] GET https://firebase-public.firebaseio.com/cli.json 200
[debug] [2022-04-22T01:43:25.768Z] <<< [apiv2][body] GET https://firebase-public.firebaseio.com/cli.json {"cloudBuildErrorAfter":1594252800000,"cloudBuildWarnAfter":1590019200000,"defaultNode10After":1594252800000,"minVersion":"3.0.5","node8DeploysDisabledAfter":1613390400000,"node8RuntimeDisabledAfter":1615809600000,"node8WarnAfter":1600128000000}
[debug] [2022-04-22T01:43:26.085Z] <<< [apiv2][status] GET https://firebase.googleapis.com/v1beta1/projects/tarts-3d6db 403
[debug] [2022-04-22T01:43:26.085Z] <<< [apiv2][body] GET https://firebase.googleapis.com/v1beta1/projects/tarts-3d6db {"error":{"code":403,"message":"The caller does not have permission","status":"PERMISSION_DENIED"}}
[debug] [2022-04-22T01:43:26.087Z] HTTP Error: 403, The caller does not have permission
[debug] [2022-04-22T01:43:26.193Z] FirebaseError: HTTP Error: 403, The caller does not have permission
    at module.exports (C:\Users\TARTS\AppData\Roaming\npm\node_modules\firebase-tools\lib\responseToError.js:47:12)
    at RetryOperation._fn (C:\Users\TARTS\AppData\Roaming\npm\node_modules\firebase-tools\lib\apiv2.js:286:39)
    at processTicksAndRejections (node:internal/process/task_queues:96:5)
[error] 
[error] Error: Failed to get Firebase project tarts-3d6db. Please make sure the project exists and your account has permission to access it.
